<?xml version="1.0" encoding="UTF-8"?>
<testsuite name="challenge.SubmitTest" tests="6" skipped="0" failures="0" errors="0" timestamp="2020-03-08T20:13:12" hostname="LAPTOP-RGA4L5I0" time="4.356">
  <properties/>
  <testcase name="q1" classname="challenge.SubmitTest" time="1.063"/>
  <testcase name="q2" classname="challenge.SubmitTest" time="0.636"/>
  <testcase name="q3" classname="challenge.SubmitTest" time="0.478"/>
  <testcase name="q4" classname="challenge.SubmitTest" time="0.364"/>
  <testcase name="q5" classname="challenge.SubmitTest" time="1.564"/>
  <testcase name="q6" classname="challenge.SubmitTest" time="0.248"/>
  <system-out><![CDATA[]]></system-out>
  <system-err><![CDATA[]]></system-err>
</testsuite>
